{"message":"Release lead with Inprogress status from the user","level":"info","service":"user-service","timestamp":"2021-05-09 09:57:24"}
{"message":"Release lead with Inprogress status from the user","level":"info","service":"user-service","timestamp":"2021-05-09 09:59:02"}
{"message":"Release lead with Inprogress status from the user","level":"info","service":"user-service","timestamp":"2021-05-09 09:59:28"}
{"message":"Release lead with Inprogress status from the user","level":"info","service":"user-service","timestamp":"2021-05-09 10:08:48"}
{"message":"Release lead with Inprogress status from the user","level":"info","service":"user-service","timestamp":"2021-05-09 10:20:15"}
{"message":"Release lead with Inprogress status from the user","level":"info","service":"user-service","timestamp":"2021-05-09 10:22:30"}
{"message":"Release lead with Inprogress status from the user","level":"info","service":"user-service","timestamp":"2021-05-09 10:24:38"}
{"message":"Release lead with Inprogress status from the user","level":"info","service":"user-service","timestamp":"2021-05-09 10:32:28"}
{"message":"Release lead with Inprogress status from the user","level":"info","service":"user-service","timestamp":"2021-05-09 10:35:03"}
{"message":"Release lead with Inprogress status from the user","level":"info","service":"user-service","timestamp":"2021-05-09 10:57:35"}
{"message":"ExpressionAttributeValues must not be empty","level":"info","service":"user-service","timestamp":"2021-05-09 11:42:08"}
{"message":"Release lead with Inprogress status from the user","level":"info","service":"user-service","timestamp":"2021-05-10 17:31:34"}
{"level":"info","service":"user-service","timestamp":"2021-05-10 17:31:34"}
{"message":"Release lead with Inprogress status from the user","level":"info","service":"user-service","timestamp":"2021-05-10 17:32:49"}
{"level":"info","service":"user-service","timestamp":"2021-05-10 17:32:49"}
{"message":"Release lead with Inprogress status from the user","level":"info","service":"user-service","timestamp":"2021-05-10 17:59:54"}
{"level":"info","service":"user-service","timestamp":"2021-05-10 17:59:54"}
{"message":"Release lead with Inprogress status from the user","level":"info","service":"user-service","timestamp":"2021-05-10 18:00:21"}
{"level":"info","service":"user-service","timestamp":"2021-05-10 18:00:21"}
{"message":"lllllRelease lead with Inprogress status from the user","level":"info","service":"user-service","timestamp":"2021-05-10 18:02:46"}
{"level":"info","service":"user-service","timestamp":"2021-05-10 18:02:46"}
{"message":"Release lead with Inprogress status from the user","level":"info","service":"user-service","timestamp":"2021-05-10 18:03:28"}
{"level":"info","service":"user-service","timestamp":"2021-05-10 18:03:28"}
{"message":"Release lead with Inprogress status from the user","level":"info","service":"user-service","timestamp":"2021-05-10 18:05:12"}
{"message":"Object(...) is not a function","level":"info","service":"user-service","timestamp":"2021-05-10 18:05:13"}
{"message":"Release lead with Inprogress status from the user","level":"info","service":"user-service","timestamp":"2021-05-10 18:07:09"}
{"message":"Release lead with Inprogress status from the user","level":"info","service":"user-service","timestamp":"2021-05-10 19:22:09"}
{"message":"Release lead with Inprogress status from the user","level":"info","service":"user-service","timestamp":"2021-05-10 19:24:23"}
{"message":"Release lead with Inprogress status from the user","level":"info","service":"user-service","timestamp":"2021-05-10 20:21:29"}
{"message":"Release lead with Inprogress status from the user","level":"info","service":"user-service","timestamp":"2021-05-10 20:23:42"}
{"message":"Release lead with Inprogress status from the user","level":"info","service":"user-service","timestamp":"2021-05-10 20:25:45"}
{"message":"Release lead with Inprogress status from the user","level":"info","service":"user-service","timestamp":"2021-05-10 20:31:55"}
{"message":"Release lead with Inprogress status from the user","level":"info","service":"user-service","timestamp":"2021-05-10 20:34:29"}
{"message":"Release lead with Inprogress status from the user","level":"info","service":"user-service","timestamp":"2021-05-10 20:43:17"}
{"message":"Release lead with Inprogress status from the user","level":"info","service":"user-service","timestamp":"2021-05-10 20:51:16"}
{"message":"Release lead with Inprogress status from the user","level":"info","service":"user-service","timestamp":"2021-05-10 20:57:24"}
{"message":"Release lead with Inprogress status from the user","level":"info","service":"user-service","timestamp":"2021-05-10 20:59:57"}
{"message":"Release lead with Inprogress status from the user","level":"info","service":"user-service","timestamp":"2021-05-10 21:02:13"}
{"message":"Release lead with Inprogress status from the user","level":"info","service":"user-service","timestamp":"2021-05-10 21:07:38"}
{"message":"Release lead with Inprogress status from the user","level":"info","service":"user-service","timestamp":"2021-05-10 21:10:32"}
{"message":"Cannot access 'start' before initialization","level":"info","service":"user-service","timestamp":"2021-05-10 21:13:04"}
{"message":"Release lead with Inprogress status from the user","level":"info","service":"user-service","timestamp":"2021-05-10 21:13:37"}
{"message":"Release lead with Inprogress status from the user","level":"info","service":"user-service","timestamp":"2021-05-10 21:23:04"}
{"message":"Release lead with Inprogress status from the user","level":"info","service":"user-service","timestamp":"2021-05-10 21:26:45"}
{"message":"Release lead with Inprogress status from the user","level":"info","service":"user-service","timestamp":"2021-05-10 21:32:01"}
{"message":"Release lead with Inprogress status from the user","level":"info","service":"user-service","timestamp":"2021-05-10 21:34:06"}
{"message":"Release lead with Inprogress status from the user","level":"info","service":"user-service","timestamp":"2021-05-10 21:36:30"}
{"message":"Release lead with Inprogress status from the user","level":"info","service":"user-service","timestamp":"2021-05-10 21:39:55"}
{"message":"Release lead with Inprogress status from the user","level":"info","service":"user-service","timestamp":"2021-05-10 22:10:09"}
{"message":"Release lead with Inprogress status from the user","level":"info","service":"user-service","timestamp":"2021-05-10 22:13:03"}
{"message":"Release lead with Inprogress status from the user","level":"info","service":"user-service","timestamp":"2021-05-10 22:16:03"}
{"message":"Release lead with Inprogress status from the user","level":"info","service":"user-service","timestamp":"2021-05-10 22:19:02"}
{"message":"Release lead with Inprogress status from the user","level":"info","service":"user-service","timestamp":"2021-05-10 22:45:16"}
{"message":"Release lead with Inprogress status from the user","level":"info","service":"user-service","timestamp":"2021-05-10 22:51:51"}
{"message":"Release lead with Inprogress status from the user","level":"info","service":"user-service","timestamp":"2021-05-10 23:30:30"}
{"message":"Release lead with Inprogress status from the user","level":"info","service":"user-service","timestamp":"2021-05-10 23:32:42"}
{"message":"Release lead with Inprogress status from the user","level":"info","service":"user-service","timestamp":"2021-05-10 23:48:31"}
{"message":"Release lead with Inprogress status from the user","level":"info","service":"user-service","timestamp":"2021-05-10 23:50:37"}
{"message":"Release lead with Inprogress status from the user","level":"info","service":"user-service","timestamp":"2021-05-10 23:55:01"}
{"message":"Release lead with Inprogress status from the user","level":"info","service":"user-service","timestamp":"2021-05-10 23:57:33"}
{"message":"Release lead with Inprogress status from the user","level":"info","service":"user-service","timestamp":"2021-05-10 23:59:58"}
{"message":"Release lead with Inprogress status from the user","level":"info","service":"user-service","timestamp":"2021-05-11 00:02:35"}
{"message":"Release lead with Inprogress status from the user","level":"info","service":"user-service","timestamp":"2021-05-11 00:05:07"}
{"message":"Release lead with Inprogress status from the user","level":"info","service":"user-service","timestamp":"2021-05-11 22:28:17"}
{"message":"Release lead with Inprogress status from the user","level":"info","service":"user-service","timestamp":"2021-05-12 01:02:28"}
{"message":"Release lead with Inprogress status from the user","level":"info","service":"user-service","timestamp":"2021-05-12 01:09:42"}
{"message":"Release lead with Inprogress status from the user","level":"info","service":"user-service","timestamp":"2021-05-12 01:11:44"}
{"message":"Release lead with Inprogress status from the user","level":"info","service":"user-service","timestamp":"2021-05-12 01:15:32"}
{"message":"Release lead with Inprogress status from the user","level":"info","service":"user-service","timestamp":"2021-05-12 01:18:46"}
{"message":"Release lead with Inprogress status from the user","level":"info","service":"user-service","timestamp":"2021-05-12 01:23:29"}
{"message":"Release lead with Inprogress status from the user","level":"info","service":"user-service","timestamp":"2021-05-12 01:25:53"}
{"message":"Release lead with Inprogress status from the user","level":"info","service":"user-service","timestamp":"2021-05-12 01:27:01"}
{"message":"Inaccessible host: `dynamodb.us-west-2.amazonaws.com'. This service may not be available in the `us-west-2' region.","level":"info","service":"user-service","timestamp":"2021-05-12 01:43:35"}
{"message":"Release lead with Inprogress status from the user","level":"info","service":"user-service","timestamp":"2021-05-12 01:46:40"}
{"message":"Release lead with Inprogress status from the user","level":"info","service":"user-service","timestamp":"2021-05-12 01:49:28"}
{"message":"Release lead with Inprogress status from the user","level":"info","service":"user-service","timestamp":"2021-05-12 01:49:35"}
{"message":"Release lead with Inprogress status from the user","level":"info","service":"user-service","timestamp":"2021-05-12 01:52:58"}
{"message":"Release lead with Inprogress status from the user","level":"info","service":"user-service","timestamp":"2021-05-12 01:58:49"}
{"message":"Release lead with Inprogress status from the user","level":"info","service":"user-service","timestamp":"2021-05-12 02:02:01"}
{"message":"Release lead with Inprogress status from the user","level":"info","service":"user-service","timestamp":"2021-05-12 11:17:11"}
{"message":"Release lead with Inprogress status from the user","level":"info","service":"user-service","timestamp":"2021-05-12 11:22:01"}
{"message":"Release lead with Inprogress status from the user","level":"info","service":"user-service","timestamp":"2021-05-12 11:34:48"}
{"message":"Release lead with Inprogress status from the user","level":"info","service":"user-service","timestamp":"2021-05-12 11:34:50"}
{"message":"Cannot read property 'Item' of undefined","level":"info","service":"user-service","timestamp":"2021-05-12 17:38:37"}
{"message":"Requested resource not found","level":"info","service":"user-service","timestamp":"2021-05-12 20:33:48"}
{"message":"Cannot read property 'length' of undefined","level":"info","service":"user-service","timestamp":"2021-05-12 20:36:11"}
{"message":"testUser is not defined","level":"info","service":"user-service","timestamp":"2021-05-12 20:47:45"}
{"message":"bcrypt is not defined","level":"info","service":"user-service","timestamp":"2021-05-12 20:48:31"}
{"message":"Release lead with Inprogress status from the user","level":"info","service":"user-service","timestamp":"2021-05-12 20:49:50"}
{"message":"Requested resource not found","level":"info","service":"user-service","timestamp":"2021-05-12 20:49:51"}
{"message":"Requested resource not found","level":"info","service":"user-service","timestamp":"2021-05-12 20:51:41"}
{"message":"Release lead with Inprogress status from the user","level":"info","service":"user-service","timestamp":"2021-05-12 23:21:05"}
{"message":"Release lead with Inprogress status from the user","level":"info","service":"user-service","timestamp":"2021-05-13 00:00:56"}
